find_header: checking for rb_gsl_array.h in ../include-1.9.1... -------------------- yes

"gcc -o conftest -I/usr/local/include/ruby-1.9.1/x86_64-linux -I/usr/local/include/ruby-1.9.1/ruby/backward -I/usr/local/include/ruby-1.9.1 -I.    -O3 -march=native -mtune=native -w -pipe -O2 -g -Wall -Wno-parentheses  -fPIC conftest.c  -L. -L/usr/local/lib -Wl,-R/usr/local/lib -L.  -rdynamic -Wl,-export-dynamic     -Wl,-R -Wl,/usr/local/lib -L/usr/local/lib -lruby-static  -lpthread -lrt -ldl -lcrypt -lm   -lc"
checked program was:
/* begin */
1: #include "ruby.h"
2: 
3: int main() {return 0;}
/* end */

"gcc -E -I/usr/local/include/ruby-1.9.1/x86_64-linux -I/usr/local/include/ruby-1.9.1/ruby/backward -I/usr/local/include/ruby-1.9.1 -I.    -O3 -march=native -mtune=native -w -pipe -O2 -g -Wall -Wno-parentheses  -fPIC  conftest.c -o conftest.i"
conftest.c:3:26: error: rb_gsl_array.h: No such file or directory
checked program was:
/* begin */
1: #include "ruby.h"
2: 
3: #include <rb_gsl_array.h>
/* end */

"gcc -E -I/usr/local/include/ruby-1.9.1/x86_64-linux -I/usr/local/include/ruby-1.9.1/ruby/backward -I/usr/local/include/ruby-1.9.1 -I.    -O3 -march=native -mtune=native -w -pipe -O2 -g -Wall -Wno-parentheses  -fPIC -I../include-1.9.1 conftest.c -o conftest.i"
checked program was:
/* begin */
1: #include "ruby.h"
2: 
3: #include <rb_gsl_array.h>
/* end */

--------------------

have_library: checking for TA_Initialize() in -lta_lib... -------------------- yes

"gcc -o conftest -I/usr/local/include/ruby-1.9.1/x86_64-linux -I/usr/local/include/ruby-1.9.1/ruby/backward -I/usr/local/include/ruby-1.9.1 -I. -I../include-1.9.1 -I/usr/local/include/ta-lib    -O3 -march=native -mtune=native -w -pipe -O2 -g -Wall -Wno-parentheses  -fPIC conftest.c  -L. -L/usr/local/lib -Wl,-R/usr/local/lib -L/usr/local/lib -Wl,-R/usr/local/lib -L.  -rdynamic -Wl,-export-dynamic     -Wl,-R -Wl,/usr/local/lib -L/usr/local/lib -lruby-static -lta_lib  -lpthread -lrt -ldl -lcrypt -lm   -lc"
conftest.c: In function ‘t’:
conftest.c:5: error: ‘TA_Initialize’ undeclared (first use in this function)
conftest.c:5: error: (Each undeclared identifier is reported only once
conftest.c:5: error: for each function it appears in.)
checked program was:
/* begin */
1: #include "ruby.h"
2: 
3: /*top*/
4: int main() {return 0;}
5: int t() { void ((*volatile p)()); p = (void ((*)()))TA_Initialize; return 0; }
/* end */

"gcc -o conftest -I/usr/local/include/ruby-1.9.1/x86_64-linux -I/usr/local/include/ruby-1.9.1/ruby/backward -I/usr/local/include/ruby-1.9.1 -I. -I../include-1.9.1 -I/usr/local/include/ta-lib    -O3 -march=native -mtune=native -w -pipe -O2 -g -Wall -Wno-parentheses  -fPIC conftest.c  -L. -L/usr/local/lib -Wl,-R/usr/local/lib -L/usr/local/lib -Wl,-R/usr/local/lib -L.  -rdynamic -Wl,-export-dynamic     -Wl,-R -Wl,/usr/local/lib -L/usr/local/lib -lruby-static -lta_lib  -lpthread -lrt -ldl -lcrypt -lm   -lc"
checked program was:
/* begin */
1: #include "ruby.h"
2: 
3: /*top*/
4: int main() {return 0;}
5: int t() { TA_Initialize(); return 0; }
/* end */

--------------------

